2025/04/05 11:45:00 DFAST pipeline started. (version 1.3.6)
2025/04/05 11:45:00 Results will be generated into 'dfast_output'.
2025/04/05 11:45:00 Loading a genomic fasta file from spadesout/scaffolds.fasta
2025/04/05 11:45:00 Genome source information: organism=, strain=
2025/04/05 11:45:02 The query genome is treated as a draft genome with 93 sequences.
2025/04/05 11:45:02 Sequences are sorted by length (from longer to shorter).
2025/04/05 11:45:02 Sequences shorter than 200 will be eliminated.
2025/04/05 11:45:02 Sequences will be renamed as sequence01, sequence02...
2025/04/05 11:45:02 Locus_tag settings: locus_tag_prefix=LOCUS and step=10.
2025/04/05 11:45:02 Locus_tags are assigned separately to each feature type. e.g. CDS: LOCUS_000xx, rRNA: LOCUS_r000xx, tRNA: LOCUS_t000xx, tmRNA: LOCUS_tm000xx.
2025/04/05 11:45:02 Remove_Partial_Feature is enabled.
2025/04/05 11:45:02 Remove_Overlapping_Feature is enabled. Priority: ['assembly_gap', 'CRISPR', ('tmRNA', 'tRNA', 'rRNA'), 'CDS']
2025/04/05 11:45:02 Initializing structural annotation tools... 
2025/04/05 11:45:02 GAPannotator initialized. (Version 1.0)
2025/04/05 11:45:02 Setting GAPannotator options. {'len_cutoff': 5, 'linkage_evidence': 'paired-ends', 'gap_type': 'within scaffold'}
2025/04/05 11:45:02 Checking MetaGeneAnnotator... 
2025/04/05 11:45:02 MetaGeneAnnotator initialized. (Version 2008/08/19)
2025/04/05 11:45:02 Setting MetaGeneAnnotator options. {'cmd_options': '-s', 'transl_table': 11}
2025/04/05 11:45:02 Checking Aragorn version... 
2025/04/05 11:45:02 Aragorn initialized. (Version 1.2.41)
2025/04/05 11:45:02 Setting Aragorn options. {'gcode': '-gcbact', 'cmd_options': '-l', 'transl_table': 11}
2025/04/05 11:45:02 Checking Barrnap version... 
2025/04/05 11:45:02 Barrnap initialized. (Version 0.9)
2025/04/05 11:45:02 Checking CRT version... 
2025/04/05 11:45:02 CRT initialized. (Version 1.2)
2025/04/05 11:45:02 Setting CRT options. {'jar_file': '/Users/juliangarcia/miniconda3/envs/genomeanalysis/opt/dfast-1.3.6/bin/common/CRT1.2-CLI.jar', 'java_options': '', 'cmd_options': ''}
2025/04/05 11:45:02 Checking Java version... 
2025/04/05 11:45:03 Java initialized. (Version 23.0.2)
2025/04/05 11:45:03 Initializing contig annotation tools... 
2025/04/05 11:45:03 Initializing annotation components... 
2025/04/05 11:45:03 DBsearch initialized.
2025/04/05 11:45:03 Setting DBsearch options. {'skipAnnotatedFeatures': True, 'evalue_cutoff': 1e-06, 'qcov_cutoff': 75, 'scov_cutoff': 75, 'pident_cutoff': 0, 'aligner': 'ghostx', 'aligner_options': {}, 'database': '/Users/juliangarcia/miniconda3/envs/genomeanalysis/opt/dfast-1.3.6/db/protein/DFAST-default.ref', 'db_name': ''}
2025/04/05 11:45:03 Checking GHOSTX version... 
2025/04/05 11:45:03 GHOSTX initialized. (Version 1.3.6)
2025/04/05 11:45:04 Reference DB loaded. 381721 sequences. [version=1.2.1, dbname=DFAST-default, contributor=yt,ddbj, modified=20240214]
2025/04/05 11:45:04 PseudoGeneDetection initialized.
2025/04/05 11:45:04 Setting PseudoGeneDetection options. {'cpu': 1, 'skipAnnotatedFeatures': False, 'extension': 300, 'scov_cutoff': 85, 'transl_table': 11}
2025/04/05 11:45:04 Checking lastdb version... 
2025/04/05 11:45:05 lastdb initialized. (Version 959)
2025/04/05 11:45:05 Setting lastdb options. {'cpu': 1, 'skipAnnotatedFeatures': False, 'extension': 300, 'scov_cutoff': 85, 'transl_table': 11}
2025/04/05 11:45:05 Checking lastal version... 
2025/04/05 11:45:05 lastal initialized. (Version 959)
2025/04/05 11:45:05 Setting lastal options. {'cpu': 1, 'skipAnnotatedFeatures': False, 'extension': 300, 'scov_cutoff': 85, 'transl_table': 11}
2025/04/05 11:45:05 Checking Blastp version... 
2025/04/05 11:45:08 Blastp initialized. (Version 2.16.0)
2025/04/05 11:45:08 HMMscan initialized.
2025/04/05 11:45:08 Setting HMMscan options. {'skipAnnotatedFeatures': True, 'evalue_cutoff': 1e-06, 'database': '/Users/juliangarcia/miniconda3/envs/genomeanalysis/opt/dfast-1.3.6/db/hmm/TIGRFAMs_15.0_HMM.LIB', 'db_name': 'TIGR', 'cmd_options': ''}
2025/04/05 11:45:08 Checking hmmscan version... 
2025/04/05 11:45:08 hmmscan initialized. (Version 3.4)
2025/04/05 11:45:08 Setting hmmscan options. {'skipAnnotatedFeatures': True, 'evalue_cutoff': 1e-06, 'database': '/Users/juliangarcia/miniconda3/envs/genomeanalysis/opt/dfast-1.3.6/db/hmm/TIGRFAMs_15.0_HMM.LIB', 'db_name': 'TIGR', 'cmd_options': ''}
2025/04/05 11:45:08 CDDsearch initialized.
2025/04/05 11:45:08 Setting CDDsearch options. {'skipAnnotatedFeatures': False, 'evalue_cutoff': 1e-06, 'database': '/Users/juliangarcia/miniconda3/envs/genomeanalysis/opt/dfast-1.3.6/db/cdd/Cog', 'rpsbproc_data': '/Users/juliangarcia/miniconda3/envs/genomeanalysis/opt/dfast-1.3.6/bin/common/rpsbproc_data'}
2025/04/05 11:45:08 Checking RPSblast version... 
2025/04/05 11:45:11 RPSblast initialized. (Version 2.16.0)
2025/04/05 11:45:11 Setting RPSblast options. {'skipAnnotatedFeatures': False, 'evalue_cutoff': 1e-06, 'database': '/Users/juliangarcia/miniconda3/envs/genomeanalysis/opt/dfast-1.3.6/db/cdd/Cog', 'rpsbproc_data': '/Users/juliangarcia/miniconda3/envs/genomeanalysis/opt/dfast-1.3.6/bin/common/rpsbproc_data'}
2025/04/05 11:45:11 Checking rpsbproc version... 
2025/04/05 11:45:11 rpsbproc initialized. (Version 0.1)
2025/04/05 11:45:11 Setting rpsbproc options. {'skipAnnotatedFeatures': False, 'evalue_cutoff': 1e-06, 'database': '/Users/juliangarcia/miniconda3/envs/genomeanalysis/opt/dfast-1.3.6/db/cdd/Cog', 'rpsbproc_data': '/Users/juliangarcia/miniconda3/envs/genomeanalysis/opt/dfast-1.3.6/bin/common/rpsbproc_data'}
2025/04/05 11:45:11 Start structural annotation process using 4 CPUs
2025/04/05 11:45:13 4 assembly_gap features were detected by GAPannotator.
2025/04/05 11:45:14 3839 CDS features were detected by MetaGeneAnnotator.
2025/04/05 11:45:14 36 tRNA features were detected by Aragorn.
2025/04/05 11:45:14 4 rRNA features were detected by Barrnap.
2025/04/05 11:45:14 0 CRISPR (later will be replaced by repeat_region) features were detected by CRT.
2025/04/05 11:45:14 Removed 6 overlapping features.
2025/04/05 11:45:14 Start executing functional annotation components.
2025/04/05 11:45:14 DBsearch will be performed using 4 CPUs.
2025/04/05 11:45:32 DBsearch done 2/4.
2025/04/05 11:45:32 DBsearch done 3/4.
2025/04/05 11:45:33 DBsearch done 1/4.
2025/04/05 11:45:33 DBsearch done 4/4.
2025/04/05 11:45:33 Last format DB will be performed using 1 CPUs.
2025/04/05 11:45:33 Last format DB done 1/1.
2025/04/05 11:45:33 Last alignment will be performed using 1 CPUs.
2025/04/05 11:45:35 Last alignment done 1/1.
2025/04/05 11:45:35 9 CDS features were marked as possible pseudo due to internal stop codons.
2025/04/05 11:45:35 19 CDS features were marked as possible pseudo due to frameshift.
2025/04/05 11:45:35 HMMscan will be performed using 4 CPUs.
2025/04/05 11:46:01 HMMscan done 4/4.
2025/04/05 11:46:02 HMMscan done 2/4.
2025/04/05 11:46:02 HMMscan done 3/4.
2025/04/05 11:46:02 HMMscan done 1/4.
2025/04/05 11:46:02 Collecting HMMscan results.
2025/04/05 11:46:02 RPSblast will be performed using 4 CPUs.
2025/04/05 11:46:44 RPSblast done 2/4.
2025/04/05 11:46:46 RPSblast done 3/4.
2025/04/05 11:46:46 RPSblast done 1/4.
2025/04/05 11:46:46 RPSblast done 4/4.
2025/04/05 11:46:46 rpsbproc will be performed using 4 CPUs.
2025/04/05 11:46:47 rpsbproc done 2/4.
2025/04/05 11:46:47 rpsbproc done 3/4.
2025/04/05 11:46:47 rpsbproc done 1/4.
2025/04/05 11:46:47 rpsbproc done 4/4.
2025/04/05 11:46:47 Start contig annotation process using 4 CPUs
2025/04/05 11:46:47 Partial CDS predicted at sequence02:[<0:633](+) will be annotated as misc_feature
2025/04/05 11:46:47 Partial CDS predicted at sequence05:[<0:516](+) will be annotated as misc_feature
2025/04/05 11:46:47 Partial CDS predicted at sequence12:[<0:2687](+) will be annotated as misc_feature
2025/04/05 11:46:47 Partial CDS predicted at sequence14:[96299:>97858](-) will be annotated as misc_feature
2025/04/05 11:46:47 Partial CDS predicted at sequence22:[2014:>6585](-) will be annotated as misc_feature
2025/04/05 11:46:47 Partial CDS predicted at sequence23:[2289:>6029](-) will be annotated as misc_feature
2025/04/05 11:46:47 Partial CDS predicted at sequence32:[1253:>3011](-) will be annotated as misc_feature
2025/04/05 11:46:47 Partial CDS predicted at sequence35:[<0:916](+) will be annotated as misc_feature
2025/04/05 11:46:47 Removed 96 partial features.
2025/04/05 11:46:47 Assigning locus_tags to CDS, rRNA, tRNA, tmRNA
2025/04/05 11:46:47 Setting output verbosity level to 3.
2025/04/05 11:46:47 Writing a genome fasta file to dfast_output/genome.fna
2025/04/05 11:46:47 Writing a CDS fasta file to dfast_output/cds.fna
2025/04/05 11:46:47 Writing a protein fasta file to dfast_output/protein.faa
2025/04/05 11:46:47 Writing an RNA fasta file to dfast_output/rna.fna
2025/04/05 11:46:47 Writing a GFF file to dfast_output/genome.gff
2025/04/05 11:46:47 Writing a GenBank format file to dfast_output/genome.gbk
2025/04/05 11:46:47 Writing an EMBL format file to dfast_output/genome.embl
2025/04/05 11:46:48 Writing a DDBJ annotation file to dfast_output/ddbj/mss.ann
2025/04/05 11:46:48 Writing a DDBJ sequence file to dfast_output/ddbj/mss.fasta
2025/04/05 11:46:48 [Experimental] DFAST Record JSON will not be generated. Please install dr_tools and use Python>=3.10.
2025/04/05 11:46:48 DFAST pipeline completed!
2025/04/05 11:46:48 Total running time: 0h1m48s
